<?xml version="1.0" encoding="UTF-8"?>
<testsuite xmlns:xsi="http://www.w3.org/2001/XMLSchema-instance" xsi:noNamespaceSchemaLocation="https://maven.apache.org/surefire/maven-surefire-plugin/xsd/surefire-test-report-3.0.xsd" version="3.0" name="com.birzavit.restservice.RestserviceApplicationTests" time="1.561" tests="1" errors="0" skipped="0" failures="0">
  <properties>
[...]
</properties>
  <testcase name="contextLoads" classname="com.birzavit.restservice.RestserviceApplicationTests" time="0.489">
    <system-out><![CDATA[12:24:24.719 [main] INFO org.springframework.test.context.support.AnnotationConfigContextLoaderUtils -- Could not detect default configuration classes for test class [com.birzavit.restservice.RestserviceApplicationTests]: RestserviceApplicationTests does not declare any static, non-private, non-final, nested classes annotated with @Configuration.
12:24:24.787 [main] INFO org.springframework.boot.test.context.SpringBootTestContextBootstrapper -- Found @SpringBootConfiguration com.birzavit.restservice.RestserviceApplication for test class com.birzavit.restservice.RestserviceApplicationTests

  .   ____          _            __ _ _
 /\\ / ___'_ __ _ _(_)_ __  __ _ \ \ \ \
( ( )\___ | '_ | '_| | '_ \/ _` | \ \ \ \
 \\/  ___)| |_)| | | | | || (_| |  ) ) ) )
  '  |____| .__|_| |_|_| |_\__, | / / / /
 =========|_|==============|___/=/_/_/_/
 :: Spring Boot ::                (v3.1.0)

2023-06-19T12:24:25.025-05:00  INFO 6412 --- [           main] c.b.r.RestserviceApplicationTests        : Starting RestserviceApplicationTests using Java 17.0.6 with PID 6412 (started by Birzavit in d:\01 - IDAT\5.-Quinto Ciclo\1_Desarrollo_de_Servicios_Web_1\s5_clonado\restservice-rest-Saludo)
2023-06-19T12:24:25.026-05:00  INFO 6412 --- [           main] c.b.r.RestserviceApplicationTests        : No active profile set, falling back to 1 default profile: "default"
2023-06-19T12:24:25.680-05:00  INFO 6412 --- [           main] c.b.r.RestserviceApplicationTests        : Started RestserviceApplicationTests in 0.801 seconds (process running for 1.416)
]]></system-out>
  </testcase>
</testsuite>